2024/07/17 20:22:25 [in-req] 5a22c2e4-f778-4ff7-9c24-d288bd542db8 out-req localhost:8081 
2024/07/17 20:22:25 [in-req] 32f1908a-8691-40f8-83c7-7698ce3479bd out-req localhost:8082 
2024/07/17 20:23:30 [in-req] 1dae84a8-ffd3-4ec6-adcd-3a6d697151b8 out-req localhost:8082 
2024/07/17 20:23:26 [in-req] 456fbb93-0bbd-4c45-b0ee-3a6e7bff4300 out-req localhost:8081 
2024/07/17 20:25:21 LB listening on 9000
2024/07/17 20:25:41 [in-req] 99bd850d-fb27-4730-ab3a-f23c8ec8d7ae out-req localhost:8081 
2024/07/17 20:25:41 [in-req] 2b2bc1ab-45cd-4027-ba74-3644a3a897d7 out-req localhost:8082 
2024/07/17 20:26:47 LB listening on 9000
2024/07/17 20:26:51 [in-req] 6b6511ba-7c85-4c0c-90c8-d510c46fcff3 out-req localhost:8081 
2024/07/17 20:26:51 [in-req] 4ca6b2f6-70a3-446a-baf3-5a16fcfd1a01 out-req localhost:8082 
2024/07/17 20:33:28 LB listening on 9000
2024/07/17 20:33:30 [in-req] 6f0a86dd-d1df-4be1-8be7-9ac04549b835 out-req localhost:8081 
2024/07/17 20:33:30 [in-req] 5af8036e-fdef-4ba4-bfd1-db3c1e3fedfa out-req localhost:8082 
2024/07/17 20:40:57 LB listening on 9000
2024/07/17 20:41:01 [in-req] 965f361f-56a2-470e-81eb-c33271a357bc out-req localhost:8081 
2024/07/17 20:41:01 [in-req] b5bed425-493a-43e5-ab20-cd48bbc16861 out-req localhost:8082 
2024/07/17 20:41:17 LB listening on 9000
2024/07/17 20:41:19 [in-req] 85b973b4-cb6e-4b9d-b85d-031416b81874 out-req localhost:8081 
2024/07/17 20:41:19 [in-req] e2ad7c01-329b-4205-baad-a7d1f5313b9c out-req localhost:8082 
2024/07/17 20:41:30 LB listening on 9000
2024/07/17 20:41:32 [in-req] 059577b1-af48-4a63-8612-ef893aebe710 out-req localhost:8081 
2024/07/17 20:41:32 [in-req] 476cf165-2612-4b91-b770-e9ad4ead9a9e out-req localhost:8082 
2024/07/17 20:42:49 LB listening on 9000
2024/07/17 20:43:24 [in-req] cf15fe55-16d3-4158-9fe7-71b52725b782 out-req localhost:8082 
2024/07/17 20:43:24 [in-req] 8706e640-d5ee-40a3-99e1-e14f6ae68e3b out-req localhost:8081 
2024/07/17 20:43:25 LB listening on 9000
2024/07/17 20:43:42 [in-req] 034d7c77-0abb-4e24-8452-ac826d1e1977 out-req localhost:8081 
2024/07/17 20:43:43 [in-req] 7c159070-8f0a-4845-8abc-25e4b677441d out-req localhost:8082 
2024/07/17 20:45:32 LB listening on 9000
2024/07/17 20:45:45 [in-req] e876779c-f8ce-4e7c-92a6-f88e2d6d9b1b out-req localhost:8081 
2024/07/17 20:45:51 [in-req] 41de4f75-0a52-47fb-8b87-0fe6896383be out-req localhost:8082 
2024/07/17 20:45:58 [in-req] 18944ea9-a445-43b9-88b0-86b2a47377b7 out-req localhost:8083 
2024/07/17 20:46:05 [in-req] 282944d1-8428-46fd-9e23-181f9215c35d out-req localhost:8080 
2024/07/17 20:48:05 [in-req] 40f5b0c0-ed12-46ea-86eb-3b8a7cf71f23 out-req localhost:8081 
2024/07/17 20:48:09 [in-req] ecffde1b-5886-4ad4-ad39-2415f47b7f66 out-req localhost:8082 
2024/07/17 20:48:10 [in-req] a38835a3-6c48-4ba5-bf05-aee9b2033c2d out-req localhost:8083 
2024/07/17 20:48:11 [in-req] 4ffffac1-85e7-46a8-aa35-7b2af68b5ebf out-req localhost:8080 
2024/07/17 20:48:13 [in-req] 268ecc4f-aeeb-467f-a954-17700983690b out-req localhost:8081 
2024/07/17 20:48:13 [in-req] 833d12b5-2fdf-4ea4-a296-4c7646ffb540 out-req localhost:8082 
2024/07/17 20:48:14 [in-req] 9700a45f-1cd7-40e3-9bcf-05ae7e625a73 out-req localhost:8083 
2024/07/17 20:48:15 [in-req] 527b768f-03da-4930-9ed9-282226fd6ed7 out-req localhost:8080 
2024/07/17 20:48:15 [in-req] 317fb0d5-ae9e-49d8-984f-07a612d1cc85 out-req localhost:8081 
2024/07/17 20:48:16 [in-req] 63190a77-2204-4c21-afa6-06d239ceaecf out-req localhost:8082 
2024/07/17 20:48:17 [in-req] b747e780-afe0-4bbe-8061-5a0869353eb7 out-req localhost:8083 
2024/07/17 20:48:17 [in-req] 78cd70d9-44ad-4479-920c-cb202cbd4391 out-req localhost:8080 
2024/07/17 20:48:18 [in-req] 523eaabb-4202-4bd4-b72e-9edab2dacb80 out-req localhost:8081 
2024/07/17 20:48:19 [in-req] 361dc911-9eea-4855-a6dc-cde43ed61253 out-req localhost:8082 
2024/07/17 20:48:19 [in-req] 4ebe8265-369f-441e-a5a3-67580fa41772 out-req localhost:8083 
2024/07/17 20:48:20 [in-req] c99403fa-8ea8-48c4-8267-3fc86a3578b0 out-req localhost:8080 
2024/07/17 20:48:21 [in-req] 36b95403-b3cb-46fa-b575-37a5af9dea6d out-req localhost:8081 
2024/07/17 20:48:21 [in-req] ec6902fb-5755-4ddb-b2a9-cd8ea22c0662 out-req localhost:8082 
2024/07/17 20:48:22 [in-req] 61e17f4b-9bd1-47f9-9482-469786905a5f out-req localhost:8083 
2024/07/17 20:48:23 [in-req] c134b29f-6e44-4911-b4f7-66494aca60b8 out-req localhost:8080 
2024/07/17 20:48:56 [in-req] 024abf00-46d5-42f3-9247-5112f7535183 out-req localhost:8081 
2024/07/17 20:48:57 [in-req] e93bd95e-a90b-46c4-b0db-438f1f9194ef out-req localhost:8082 
2024/07/17 20:48:58 [in-req] 3ab9250b-6545-45b3-af58-8ad6cd4532d6 out-req localhost:8083 
2024/07/17 20:48:59 [in-req] 813b7a7c-ee22-4e8b-b4dd-444541b01f17 out-req localhost:8080 
2024/07/17 20:48:59 [in-req] 43460f5e-7c43-492c-984b-e922d7b0da64 out-req localhost:8081 
2024/07/17 20:49:00 [in-req] fdbd32be-105e-4244-b2c4-7af4b434c474 out-req localhost:8082 
2024/07/17 20:49:01 [in-req] 81de8779-b8b0-4972-88b0-45622c7ada6b out-req localhost:8083 
2024/07/17 20:49:02 [in-req] f63cdcab-3500-46c0-8aa6-a5dc8c17f7d1 out-req localhost:8080 
2024/07/17 20:49:29 LB listening on 9000
2024/07/17 20:49:31 [in-req] 08063297-01df-4731-8f25-bb051c678d19 out-req localhost:8081 
2024/07/17 20:49:33 [in-req] 7e979341-288e-41f1-9062-9fa6ff933c64 out-req localhost:8082 
2024/07/17 20:49:34 [in-req] 0195bf25-72f3-4149-9fd9-071543b64785 out-req localhost:8083 
2024/07/17 20:49:34 [in-req] d63527cb-6590-42ff-afa8-ac2a1724f991 out-req localhost:8080 
2024/07/17 20:49:35 [in-req] c63ee427-8094-43d9-897c-b35c872dd5b0 out-req localhost:8081 
2024/07/17 20:49:35 [in-req] 58d3e05c-baa3-49e0-ada5-70c2c5158520 out-req localhost:8082 
2024/07/17 20:49:36 [in-req] 1e6e8b0c-cdb0-4d5f-8610-465043eacadb out-req localhost:8083 
2024/07/17 20:49:36 [in-req] 3288f13b-3a72-4dc8-b8a5-27d7137ba189 out-req localhost:8080 
2024/07/17 20:49:37 [in-req] 77574d78-589b-476f-bc9e-53a92fc72441 out-req localhost:8081 
2024/07/17 20:49:37 [in-req] 2b12c71a-b4a1-422f-9292-ea234237091b out-req localhost:8082 
2024/07/17 20:49:38 [in-req] 06480805-3d77-422e-8cf2-07c72450dbd2 out-req localhost:8083 
2024/07/17 20:49:38 [in-req] e9a1fad2-9da0-4f3c-8853-b5015ca42f8b out-req localhost:8080 
2024/07/17 20:50:39 [in-req] cb73300b-2d72-4c60-8647-7641b881df11 out-req localhost:8081 
2024/07/17 20:50:40 [in-req] 820efe90-1e56-4490-bc55-ba168ac5e926 out-req localhost:8082 
2024/07/17 20:50:41 [in-req] 909cd62b-94a4-48c0-b5f5-28dfe3ba8009 out-req localhost:8083 
2024/07/17 20:50:42 [in-req] 1b6bd926-f1a3-4f46-b804-57a5f672dee7 out-req localhost:8080 
2024/07/17 20:50:42 [in-req] d0dda226-fd1c-4448-8153-8a796253395f out-req localhost:8081 
2024/07/17 20:50:43 [in-req] f30a8b4a-abe8-4524-bced-7b63a4499a57 out-req localhost:8082 
2024/07/17 20:50:44 [in-req] f3fa706d-0b24-450c-8e3c-c668f583c358 out-req localhost:8083 
2024/07/17 20:50:44 [in-req] 9c3c7ef0-ad4e-4076-ae33-a26b92746140 out-req localhost:8080 
2024/07/17 20:50:45 [in-req] 2e13ceea-5665-4836-ba64-46dbe75a99c9 out-req localhost:8081 
2024/07/17 20:50:45 [in-req] 7b4c50c8-246e-4dff-a01b-8b3276344462 out-req localhost:8082 
2024/07/17 20:50:45 [in-req] d6d5e219-fa1d-4656-83e8-0d451aa29e77 out-req localhost:8083 
2024/07/17 20:50:45 [in-req] 0502f8a2-cc4b-470b-a4fe-7687cd09d188 out-req localhost:8080 
2024/07/17 21:10:16 LB listening on 9000
2024/07/17 21:14:25 LB listening on 9000
2024/07/17 21:14:59 [in-req] 622f903f-348e-4a9b-bc8d-2e63248e3b61 out-req localhost:8081 
2024/07/17 21:15:00 [in-req] 0cc01e62-9cc8-4b5b-b525-4d16d3940d87 out-req localhost:8082 
2024/07/17 21:15:01 [in-req] 53443a2b-cbeb-4131-9c9b-87044ea6b71b out-req localhost:8083 
2024/07/17 21:15:01 [in-req] fdfd990f-eab3-4948-b947-990ce4168e95 out-req localhost:8085 
2024/07/17 21:15:02 [in-req] 8d0bed52-5bda-41d7-9674-f8b8cb32bbb9 out-req localhost:8080 
2024/07/17 21:15:03 [in-req] 350011c8-fcc1-4416-b196-6c691ad4a97e out-req localhost:8081 
2024/07/17 21:20:06 LB listening on 9000
2024/07/17 21:20:44 LB listening on 9000
2024/07/17 23:23:31 LB listening on 9000
2024/07/17 23:24:02 [in-req] 582434d8-e343-40b8-a8ba-99d5a932c27c out-req localhost:8081 
2024/07/17 23:24:03 [in-req] 99dfea7a-fb86-4e77-9102-25d6621f80a0 out-req localhost:8081 
2024/07/17 23:24:04 [in-req] d10f1ae5-a95b-4b11-bf27-7a6a529ff188 out-req localhost:8080 
2024/07/17 23:24:05 [in-req] d10abffe-986e-405e-a6f4-daff4f9581b8 out-req localhost:8083 
2024/07/17 23:24:06 [in-req] 09994eda-cc2c-4de5-98d3-d2088be74104 out-req localhost:8081 
2024/07/17 23:24:06 [in-req] 59619aa7-4d00-4888-b632-77106e469b2a out-req localhost:8081 
2024/07/17 23:24:07 [in-req] 31969898-043d-48da-9e23-52db2d86b0a7 out-req localhost:8081 
2024/07/17 23:24:08 [in-req] 0584a003-2500-4b7d-ac74-1f0eded1aa64 out-req localhost:8081 
2024/07/17 23:24:08 [in-req] a0b91bbd-e1af-4c19-ac26-00f2c76f9a28 out-req localhost:8081 
2024/07/17 23:24:09 [in-req] e494c5ec-51c1-45ea-bea3-d89f52138fc6 out-req localhost:8081 
2024/07/17 23:24:10 [in-req] 4c5da88a-824e-4b84-abca-e286a33922e5 out-req localhost:8081 
2024/07/17 23:24:10 [in-req] 51a83f45-83c5-470e-8056-eb3ee5a7bb24 out-req localhost:8082 
2024/07/17 23:24:11 [in-req] c769f14c-9721-4c38-8b66-5af4d86c29bc out-req localhost:8082 
2024/07/17 23:24:12 [in-req] 84276660-60bf-40b3-a096-9d0f82e459d1 out-req localhost:8081 
2024/07/17 23:24:13 [in-req] b3cae5c8-d8bd-4084-95fd-8e029ddbde89 out-req localhost:8083 
2024/07/17 23:25:23 LB listening on 9000
2024/07/17 23:26:06 LB listening on 9000
2024/07/17 23:26:29 LB listening on 9000
2024/07/17 23:27:18 LB listening on 9000
2024/07/17 23:28:10 LB listening on 9000
2024/07/17 23:28:21 [in-req] 783252a2-b299-4a81-93b0-70634523f009 out-req localhost:8081 
2024/07/17 23:28:22 [in-req] d9b671e9-0f50-4d5a-8046-b4bf1a296ed7 out-req localhost:8081 
2024/07/17 23:28:23 [in-req] 44f01c0c-dfeb-4038-8230-64ffa569b961 out-req localhost:8081 
2024/07/17 23:28:24 [in-req] 5f6918f5-3418-4dbd-82b8-e019649ded98 out-req localhost:8081 
2024/07/17 23:28:25 [in-req] 062b49a4-e9c0-42de-9267-c338e34a6f5c out-req localhost:8080 
2024/07/17 23:28:26 [in-req] edc2c1f3-0f24-4acf-962d-ecbd4b55373c out-req localhost:8081 
2024/07/17 23:28:27 [in-req] 4dcdcf04-7ae6-4596-910d-d6e5ebf4124f out-req localhost:8081 
2024/07/17 23:28:28 [in-req] 4228f912-ab55-471a-bb1e-6f701e38a27d out-req localhost:8081 
2024/07/17 23:28:29 [in-req] bcfa370a-0847-44fb-9557-712e1f777d36 out-req localhost:8081 
2024/07/17 23:28:30 [in-req] 40ac7d8b-04d7-4111-b81c-c238dc1fd8ae out-req localhost:8082 
2024/07/17 23:28:32 [in-req] b78552c7-025c-419d-9156-b5744810552f out-req localhost:8082 
2024/07/17 23:28:33 [in-req] 11c675c9-1c72-4ede-ac4b-3f4cfef5a713 out-req localhost:8081 
2024/07/17 23:28:34 [in-req] 18705d61-c321-42a3-a6ae-fe33e0dd41c8 out-req localhost:8081 
2024/07/17 23:28:35 [in-req] a1307b1c-4bfd-470b-82b7-abb3dc70ff3b out-req localhost:8081 
2024/07/17 23:28:36 [in-req] 1ae5bb3b-bbe8-445d-8616-79574faadca5 out-req localhost:8081 
2024/07/17 23:28:37 [in-req] a0f6e590-345e-4b98-b474-2bdb128ced63 out-req localhost:8082 
2024/07/17 23:28:38 [in-req] 176c21f9-3af0-41a2-86ce-bfba211f71cd out-req localhost:8080 
2024/07/17 23:28:39 [in-req] 7f975fc7-2256-4825-95f6-b22b7582058d out-req localhost:8082 
2024/07/17 23:28:39 [in-req] c9878340-eb12-40be-8582-4d1370af2981 out-req localhost:8081 
2024/07/17 23:28:40 [in-req] 129de8ef-de69-4033-a87c-24270b19c121 out-req localhost:8081 
2024/07/17 23:28:41 [in-req] 34f7441e-3b0f-4464-b7a2-bc204179844a out-req localhost:8081 
2024/07/17 23:28:42 [in-req] f98784d8-b6c5-4380-9ffb-98d36a76c9b2 out-req localhost:8081 
2024/07/17 23:28:43 [in-req] f7dc5127-b289-4b7f-bc12-7e97f103c0aa out-req localhost:8081 
2024/07/17 23:28:43 [in-req] 8a4a7c76-e546-4422-a58c-9f2adaab27fd out-req localhost:8081 
2024/07/17 23:28:44 [in-req] c4e4e4ca-3861-47af-b83f-81d08989a054 out-req localhost:8081 
2024/07/17 23:28:45 [in-req] 00be2060-30d5-42f8-9684-ce392676334c out-req localhost:8081 
2024/07/17 23:28:45 [in-req] cbf763de-a837-4e11-b1c7-86c82c81a08d out-req localhost:8081 
2024/07/17 23:28:46 [in-req] f2743a1c-3c3f-44c7-8ccd-feba1243fe81 out-req localhost:8081 
2024/07/17 23:28:47 [in-req] e79153e6-8b22-4d2e-9f89-f0d994653bf9 out-req localhost:8081 
2024/07/17 23:28:48 [in-req] f06b8e9c-8a25-47f9-9474-cdfd08db0361 out-req localhost:8081 
2024/07/17 23:29:41 LB listening on 9000
2024/07/17 23:29:54 [in-req] 92f2d619-ab7f-4d94-aa1c-77a2d9dee04d out-req localhost:8083 
2024/07/17 23:29:55 [in-req] 5355969d-93e3-4546-98e2-6c3364f764f4 out-req localhost:8083 
2024/07/17 23:29:56 [in-req] d02cd9d4-99db-42c5-b234-4a7aba7ef267 out-req localhost:8082 
2024/07/17 23:29:57 [in-req] 4d9d6d65-453c-43de-89f8-7d3020d6c2ef out-req localhost:8082 
2024/07/17 23:29:57 [in-req] dfd15eae-0761-4c60-841a-6960dffe031a out-req localhost:8081 
2024/07/17 23:29:58 [in-req] 0d7a57b2-c9a9-4bde-8f93-962086fdb7a7 out-req localhost:8080 
2024/07/17 23:29:59 [in-req] dffd4075-6160-4145-8e70-8539a759d0ef out-req localhost:8083 
2024/07/17 23:29:59 [in-req] 225a7ad1-4b10-4013-accb-a71fe11c5221 out-req localhost:8083 
2024/07/17 23:30:00 [in-req] d36257a4-88f9-4f3b-b206-a280efc93515 out-req localhost:8083 
2024/07/17 23:30:01 [in-req] 5f1505a5-132e-4489-acac-dd6c01fae9ec out-req localhost:8080 
2024/07/17 23:30:03 [in-req] d27bcdf2-5d1a-497e-beb5-3df1322ce913 out-req localhost:8081 
2024/07/17 23:30:04 [in-req] 575e13d9-79d6-4b41-8648-3a7a49ab0900 out-req localhost:8080 
2024/07/17 23:30:04 [in-req] 51a745fd-ade0-4bc8-af63-b8d689617bd2 out-req localhost:8080 
2024/07/17 23:30:06 [in-req] 2edb4e38-11c5-4a31-bbfa-3e37f17ad1e0 out-req localhost:8080 
2024/07/17 23:30:07 [in-req] 1d568122-4909-47c6-8e43-cc53d7387e10 out-req localhost:8081 
2024/07/17 23:30:08 [in-req] ddc79a38-3f93-4362-9e9b-fcc3301af1e7 out-req localhost:8083 
2024/07/17 23:30:09 [in-req] f3f1d139-4e59-457e-bc75-ec11719acdf1 out-req localhost:8082 
2024/07/17 23:30:10 [in-req] 7110575e-a46e-47f4-a763-67f660be7a55 out-req localhost:8081 
2024/07/17 23:30:11 [in-req] c2974e9a-6c69-4845-a3ec-3ba58a278cad out-req localhost:8083 
2024/07/17 23:30:12 [in-req] 9e1ec4ca-9712-4d60-bd4c-ab7669c61550 out-req localhost:8080 
2024/07/17 23:30:12 [in-req] 7bfaaadd-8fa1-41ea-a5f0-78f9ea063297 out-req localhost:8081 
2024/07/17 23:30:13 [in-req] 2f360b74-c8b7-4941-94ab-cd688d52da3e out-req localhost:8080 
2024/07/17 23:30:58 [in-req] 0675249d-3ee3-4380-8a1e-2b1b8c42a01e out-req localhost:8083 
2024/07/17 23:30:59 [in-req] 195519a6-96b8-44b8-8c0b-95f581651388 out-req localhost:8080 
2024/07/17 23:30:59 [in-req] cf11aeb9-82c0-4d9f-b72c-f015cfcf6ae0 out-req localhost:8082 
2024/07/17 23:31:00 [in-req] f0b242af-2f74-4183-a45d-debbb15b1d8e out-req localhost:8082 
2024/07/17 23:31:01 [in-req] 0a3f93ea-f04d-4326-838c-346a735e5b97 out-req localhost:8081 
2024/07/17 23:31:01 [in-req] 8aa71398-881a-4380-9dfc-3cbb981ec996 out-req localhost:8080 
2024/07/17 23:31:02 [in-req] c651bbb6-dbd9-470d-995a-c13775966bca out-req localhost:8083 
2024/07/17 23:31:03 [in-req] 8457662f-abca-4f95-8d57-23e950ed889d out-req localhost:8080 
2024/07/17 23:31:03 [in-req] 50ade378-d750-4501-befd-dfd71600cc2d out-req localhost:8080 
2024/07/17 23:31:04 [in-req] c49f386d-9d37-4fa8-84a6-b7d704cc4d87 out-req localhost:8082 
2024/07/17 23:31:05 [in-req] 8f0f7d85-e782-4d64-8a46-49c7952f215d out-req localhost:8082 
2024/07/17 23:31:06 [in-req] 55bbbe24-8723-4d01-b871-657adcfa84df out-req localhost:8080 
2024/07/17 23:31:06 [in-req] c61c533a-d2eb-40a1-acdc-b8330921d7ff out-req localhost:8082 
2024/07/17 23:31:07 [in-req] fe215221-9cfc-4a01-8b9c-dc45e21e855a out-req localhost:8082 
2024/07/17 23:31:08 [in-req] 045a9b25-a195-44d4-a97e-76d3265b7b52 out-req localhost:8085 
2024/07/17 23:31:09 [in-req] 192e8db1-1fc6-40df-bdf0-8dd46f2f971c out-req localhost:8082 
2024/07/17 23:31:10 [in-req] 88d72343-e896-49cf-9d72-c4a2f264fcef out-req localhost:8083 
2024/07/17 23:31:10 [in-req] a0ebc68d-6d16-4299-ba2b-83b3db201a00 out-req localhost:8080 
2024/07/17 23:31:11 [in-req] 90a108fa-61b0-4ec0-8f70-9480323f9ace out-req localhost:8085 
2024/07/17 23:31:12 [in-req] edc55a5c-2b79-4ea7-947b-3e91837c9fd1 out-req localhost:8082 
2024/07/17 23:31:13 [in-req] 12604d8d-8a0c-49e3-a3bc-f16f218db69d out-req localhost:8082 
2024/07/17 23:31:13 [in-req] c3a090ac-daa6-47fd-974e-4174f2e0342d out-req localhost:8080 
2024/07/17 23:31:14 [in-req] f3bcbeb7-5588-403c-add0-f4290d93cd8a out-req localhost:8080 
2024/07/17 23:31:16 [in-req] fef90db6-1f36-46a8-8eab-ba4a679a70f6 out-req localhost:8080 
2024/07/17 23:48:52 LB listening on 9000
2024/07/17 23:49:20 [in-req] e5eeffd4-e6c2-4af1-9b37-a53edd3ed0ca out-req localhost:8082 
2024/07/17 23:49:21 [in-req] 27a2d41a-534a-4c63-9e97-00bdee400485 out-req localhost:8080 
2024/07/17 23:49:32 [in-req] a538aec7-3f31-49aa-a238-2cdb5f8d4df7 out-req localhost:8080 
2024/07/17 23:49:33 [in-req] a361c6d9-49b1-418f-ad0a-e783086e8188 out-req localhost:8083 
2024/07/17 23:49:33 [in-req] ca784948-b8f9-40a7-aed3-2169b5ef83c7 out-req localhost:8080 
2024/07/17 23:49:34 [in-req] bcde2baf-a8a1-45be-9198-c11fef6ebc77 out-req localhost:8082 
2024/07/17 23:49:35 [in-req] 924d4635-3462-450f-948a-adb8d86df7a7 out-req localhost:8083 
2024/07/17 23:49:55 LB listening on 9000
2024/07/17 23:50:13 [in-req] 9caf3546-e7f8-44cf-a0a0-d96808cda5d5 out-req localhost:8082 
2024/07/17 23:50:15 [in-req] 2fa272a6-ccb5-4b4a-b27f-e2f6ccb607ba out-req localhost:8083 
2024/07/17 23:50:15 [in-req] b0252ceb-b75b-4817-b213-bd4ed4ce03ef out-req localhost:8081 
2024/07/17 23:50:15 [in-req] 346f1dcb-03aa-470b-a1ac-d129573dab0d out-req localhost:8085 
2024/07/17 23:50:16 [in-req] cb54dff5-b73e-4993-a5ee-1c230dd59c9b out-req localhost:8082 
2024/07/17 23:50:16 [in-req] d0400b5e-bceb-49b8-a45c-e08b621f7bfe out-req localhost:8082 
2024/07/17 23:50:16 [in-req] 66681400-5914-4ea1-a282-3d85b02c6258 out-req localhost:8083 
2024/07/17 23:50:16 [in-req] 66024338-0076-4bc4-9723-b7baca842e67 out-req localhost:8085 
2024/07/17 23:50:16 [in-req] 70743533-36b4-4f0e-80ac-e50994267a38 out-req localhost:8081 
2024/07/17 23:50:17 [in-req] 5d7213a0-3427-4428-a542-2ce8986177d4 out-req localhost:8082 
2024/07/17 23:50:17 [in-req] 36145337-fe91-40bc-a420-0a7008800402 out-req localhost:8080 
2024/07/17 23:50:33 [in-req] 123e3811-d056-485c-b2db-de89795058f0 out-req localhost:8081 
2024/07/17 23:50:34 [in-req] 12cfc3fd-47b3-4095-9dd0-2561f338909a out-req localhost:8082 
2024/07/17 23:50:35 [in-req] 00bb964b-7749-4400-aef1-51665bdc3a58 out-req localhost:8083 
2024/07/17 23:50:35 [in-req] 67155979-459a-4f43-8e7b-393e36b9bfb3 out-req localhost:8080 
2024/07/17 23:50:36 [in-req] 528b5768-d816-4444-af1a-998835ffb2e8 out-req localhost:8081 
2024/07/17 23:50:37 [in-req] 28878b34-ab3e-4a3c-9832-76b8d27bdf63 out-req localhost:8082 
2024/07/17 23:50:38 [in-req] 56feb066-5a8d-4a1d-b139-e7d0ff1d5bad out-req localhost:8083 
2024/07/17 23:50:38 [in-req] d70877a9-d0fd-4602-8e08-ba0bd00a54e0 out-req localhost:8080 
2024/07/17 23:50:39 [in-req] c0d349bf-cca8-4677-890b-f2c32c62e5c3 out-req localhost:8081 
2024/07/17 23:50:40 [in-req] 273a6f80-4162-468c-81c8-6b8feb480501 out-req localhost:8082 
2024/07/17 23:50:41 [in-req] 36e3a9e7-8c9c-4333-8019-502cdc4c54d3 out-req localhost:8083 
2024/07/17 23:50:41 [in-req] 1ae02ea6-ad37-43b3-add7-0fef7ea492e9 out-req localhost:8080 
2024/07/17 23:50:42 [in-req] 438d7e5d-4018-483e-b669-cd4f9fb57352 out-req localhost:8081 
2024/07/17 23:51:09 LB listening on 9000
2024/07/17 23:51:13 [in-req] b8564e7e-6042-49b9-8972-560ddee105dd out-req localhost:8080 
2024/07/17 23:51:34 [in-req] ae4f62a2-e142-4cd0-a0ee-0ac0c2675747 out-req localhost:8080 
2024/07/17 23:51:35 [in-req] ec366c28-8386-4968-8185-3c1257aea64b out-req localhost:8081 
2024/07/17 23:51:36 [in-req] 2f28e764-3480-4a39-96b2-c205d7a6b4fa out-req localhost:8085 
2024/07/17 23:51:36 [in-req] 5313a07a-c0e3-4244-ba38-981757fa3096 out-req localhost:8081 
2024/07/17 23:51:37 [in-req] 8b198a33-309e-49bc-a0b2-f93b587940ad out-req localhost:8085 
2024/07/17 23:51:38 [in-req] 52619b5d-be6a-40f8-8896-b7978454e3e2 out-req localhost:8081 
2024/07/17 23:51:54 [in-req] 82ddafe0-3a4c-48d8-993c-fa9d23cb6591 out-req localhost:8081 
2024/07/17 23:51:55 [in-req] 4166bfc7-a281-4fad-ade8-51542fc93741 out-req localhost:8082 
2024/07/17 23:51:55 [in-req] 1759b036-e014-4d6f-8f78-b6f18771dff5 out-req localhost:8083 
2024/07/17 23:51:56 [in-req] bcd0d846-91fe-453e-9ac6-4467ca7158dc out-req localhost:8085 
2024/07/17 23:51:56 [in-req] cab88ecb-a4ac-42b4-8990-cdd9b2da32be out-req localhost:8080 
2024/07/17 23:51:57 [in-req] 5fb0d6c1-f9bd-4cad-8590-e5c2f4c66f96 out-req localhost:8081 
2024/07/17 23:51:58 [in-req] 0dca92bc-7630-4103-b5eb-afd14dff8343 out-req localhost:8082 
2024/07/17 23:51:58 [in-req] 01803e6e-f00d-499e-93d5-afdcef142647 out-req localhost:8083 
2024/07/17 23:51:59 [in-req] 700d1d6c-4028-40a3-8f7a-7b98725ed9d7 out-req localhost:8085 
2024/07/17 23:52:00 [in-req] 4090d9b0-1b02-48a7-a3da-d4b644e9869b out-req localhost:8080 
2024/07/17 23:52:00 [in-req] 3d87fd01-6d1f-4899-96a2-29f351e9be60 out-req localhost:8081 
2024/07/17 23:52:01 [in-req] f092d272-6bf7-4a1b-b6f1-038d4acec2f4 out-req localhost:8082 
2024/07/17 23:52:02 [in-req] 88cb552b-ccdf-4249-8f89-ea866c4add78 out-req localhost:8083 
2024/07/17 23:52:02 [in-req] 204f4c7f-a7a3-49d3-9403-7611e525ec22 out-req localhost:8085 
2024/07/17 23:52:16 [in-req] 174c3e3f-8f46-44ce-8a8d-886683dd5318 out-req localhost:8085 
2024/07/17 23:52:17 [in-req] aa9cd312-209c-4504-b78d-03701dd0c8e0 out-req localhost:8083 
2024/07/17 23:52:18 [in-req] 8eb80d06-1cc0-40aa-9755-63552cfc87ae out-req localhost:8083 
2024/07/17 23:52:18 [in-req] 65b0e644-90c2-4906-9ce6-846268a072da out-req localhost:8081 
2024/07/17 23:52:19 [in-req] 7b0ff64a-7083-4f40-89a4-d4d8aeaf013f out-req localhost:8083 
2024/07/17 23:52:19 [in-req] 072b62e4-1697-43f5-a941-231e2a7c050a out-req localhost:8083 
2024/07/17 23:52:20 [in-req] 23b03c70-5d2a-438a-9707-7ad0877f8d08 out-req localhost:8080 
2024/07/17 23:52:21 [in-req] 41a2d577-8f7c-4686-a386-257017fb1363 out-req localhost:8085 
2024/07/17 23:52:21 [in-req] a66154c6-6c71-406b-9150-c891f33dfa33 out-req localhost:8080 
2024/07/17 23:53:32 LB listening on 9000
2024/07/18 00:08:37 LB listening on 9000
